<?xml version="1.0" encoding="UTF-8"?>
<coverage generated="1725879827242" clover="3.2.0">
  <project timestamp="1725879827242" name="All files">
    <metrics statements="44" coveredstatements="44" conditionals="22" coveredconditionals="20" methods="12" coveredmethods="12" elements="78" coveredelements="76" complexity="0" loc="44" ncloc="44" packages="3" files="3" classes="3"/>
    <package name="arrayToTree">
      <metrics statements="17" coveredstatements="17" conditionals="8" coveredconditionals="6" methods="2" coveredmethods="2"/>
      <file name="index.ts" path="/Users/wjs/study/DDD/src/arrayToTree/index.ts">
        <metrics statements="17" coveredstatements="17" conditionals="8" coveredconditionals="6" methods="2" coveredmethods="2"/>
        <line num="13" count="1" type="cond" truecount="0" falsecount="1"/>
        <line num="14" count="5" type="cond" truecount="1" falsecount="0"/>
        <line num="15" count="1" type="stmt"/>
        <line num="18" count="4" type="stmt"/>
        <line num="19" count="4" type="stmt"/>
        <line num="21" count="4" type="stmt"/>
        <line num="22" count="11" type="stmt"/>
        <line num="23" count="11" type="stmt"/>
        <line num="25" count="11" type="cond" truecount="2" falsecount="0"/>
        <line num="26" count="4" type="stmt"/>
        <line num="28" count="7" type="stmt"/>
        <line num="29" count="7" type="cond" truecount="2" falsecount="0"/>
        <line num="30" count="6" type="cond" truecount="1" falsecount="1"/>
        <line num="31" count="6" type="stmt"/>
        <line num="34" count="1" type="stmt"/>
        <line num="35" count="1" type="stmt"/>
        <line num="40" count="4" type="stmt"/>
      </file>
    </package>
    <package name="limitCurrentRequest.ts">
      <metrics statements="22" coveredstatements="22" conditionals="12" coveredconditionals="12" methods="4" coveredmethods="4"/>
      <file name="index.ts" path="/Users/wjs/study/DDD/src/limitCurrentRequest.ts/index.ts">
        <metrics statements="22" coveredstatements="22" conditionals="12" coveredconditionals="12" methods="4" coveredmethods="4"/>
        <line num="1" count="1" type="stmt"/>
        <line num="5" count="10" type="stmt"/>
        <line num="6" count="10" type="stmt"/>
        <line num="7" count="10" type="stmt"/>
        <line num="8" count="10" type="stmt"/>
        <line num="10" count="10" type="cond" truecount="3" falsecount="0"/>
        <line num="11" count="5" type="stmt"/>
        <line num="12" count="5" type="stmt"/>
        <line num="15" count="20" type="stmt"/>
        <line num="16" count="20" type="cond" truecount="3" falsecount="0"/>
        <line num="17" count="5" type="stmt"/>
        <line num="18" count="5" type="stmt"/>
        <line num="21" count="15" type="stmt"/>
        <line num="25" count="15" type="stmt"/>
        <line num="26" count="15" type="stmt"/>
        <line num="27" count="15" type="stmt"/>
        <line num="28" count="15" type="stmt"/>
        <line num="29" count="13" type="stmt"/>
        <line num="31" count="2" type="stmt"/>
        <line num="34" count="15" type="stmt"/>
        <line num="35" count="15" type="stmt"/>
        <line num="39" count="5" type="stmt"/>
      </file>
    </package>
    <package name="utils">
      <metrics statements="5" coveredstatements="5" conditionals="2" coveredconditionals="2" methods="6" coveredmethods="6"/>
      <file name="index.ts" path="/Users/wjs/study/DDD/src/utils/index.ts">
        <metrics statements="5" coveredstatements="5" conditionals="2" coveredconditionals="2" methods="6" coveredmethods="6"/>
        <line num="2" count="1" type="cond" truecount="1" falsecount="0"/>
        <line num="3" count="8" type="stmt"/>
        <line num="5" count="1" type="cond" truecount="1" falsecount="0"/>
        <line num="6" count="1" type="stmt"/>
        <line num="7" count="1" type="stmt"/>
      </file>
    </package>
  </project>
</coverage>
