{"/Users/wjs/study/DDD/src/arrayToTree/index.ts": {"path":"/Users/wjs/study/DDD/src/arrayToTree/index.ts","statementMap":{"0":{"start":{"line":13,"column":0},"end":{"line":13,"column":16}},"1":{"start":{"line":14,"column":2},"end":{"line":16,"column":3}},"2":{"start":{"line":15,"column":4},"end":{"line":15,"column":14}},"3":{"start":{"line":18,"column":51},"end":{"line":18,"column":53}},"4":{"start":{"line":19,"column":18},"end":{"line":19,"column":55}},"5":{"start":{"line":21,"column":2},"end":{"line":38,"column":5}},"6":{"start":{"line":22,"column":28},"end":{"line":22,"column":74}},"7":{"start":{"line":23,"column":4},"end":{"line":23,"column":31}},"8":{"start":{"line":25,"column":4},"end":{"line":37,"column":5}},"9":{"start":{"line":26,"column":6},"end":{"line":26,"column":27}},"10":{"start":{"line":28,"column":23},"end":{"line":28,"column":49}},"11":{"start":{"line":29,"column":8},"end":{"line":36,"column":7}},"12":{"start":{"line":30,"column":8},"end":{"line":30,"column":48}},"13":{"start":{"line":31,"column":8},"end":{"line":31,"column":35}},"14":{"start":{"line":34,"column":37},"end":{"line":34,"column":86}},"15":{"start":{"line":35,"column":8},"end":{"line":35,"column":46}},"16":{"start":{"line":40,"column":2},"end":{"line":40,"column":14}}},"fnMap":{"0":{"name":"arrayToTree","decl":{"start":{"line":13,"column":16},"end":{"line":13,"column":27}},"loc":{"start":{"line":13,"column":56},"end":{"line":41,"column":1}}},"1":{"name":"(anonymous_1)","decl":{"start":{"line":21,"column":20},"end":{"line":21,"column":21}},"loc":{"start":{"line":21,"column":29},"end":{"line":38,"column":3}}}},"branchMap":{"0":{"loc":{"start":{"line":13,"column":28},"end":{"line":13,"column":56}},"type":"default-arg","locations":[{"start":{"line":13,"column":54},"end":{"line":13,"column":56}}]},"1":{"loc":{"start":{"line":14,"column":2},"end":{"line":16,"column":3}},"type":"if","locations":[{"start":{"line":14,"column":2},"end":{"line":16,"column":3}}]},"2":{"loc":{"start":{"line":25,"column":4},"end":{"line":37,"column":5}},"type":"if","locations":[{"start":{"line":25,"column":4},"end":{"line":37,"column":5}},{"start":{"line":27,"column":11},"end":{"line":37,"column":5}}]},"3":{"loc":{"start":{"line":29,"column":8},"end":{"line":36,"column":7}},"type":"if","locations":[{"start":{"line":29,"column":8},"end":{"line":36,"column":7}},{"start":{"line":32,"column":12},"end":{"line":36,"column":7}}]},"4":{"loc":{"start":{"line":30,"column":26},"end":{"line":30,"column":47}},"type":"binary-expr","locations":[{"start":{"line":30,"column":26},"end":{"line":30,"column":41}},{"start":{"line":30,"column":45},"end":{"line":30,"column":47}}]}},"s":{"0":1,"1":5,"2":1,"3":4,"4":4,"5":4,"6":11,"7":11,"8":11,"9":4,"10":7,"11":7,"12":6,"13":6,"14":1,"15":1,"16":4},"f":{"0":5,"1":11},"b":{"0":[0],"1":[1],"2":[4,7],"3":[6,1],"4":[6,0]}}
,"/Users/wjs/study/DDD/src/limitCurrentRequest.ts/index.ts": {"path":"/Users/wjs/study/DDD/src/limitCurrentRequest.ts/index.ts","statementMap":{"0":{"start":{"line":1,"column":0},"end":{"line":1,"column":16}},"1":{"start":{"line":5,"column":2},"end":{"line":40,"column":5}},"2":{"start":{"line":6,"column":35},"end":{"line":6,"column":37}},"3":{"start":{"line":7,"column":26},"end":{"line":7,"column":27}},"4":{"start":{"line":8,"column":23},"end":{"line":8,"column":24}},"5":{"start":{"line":10,"column":4},"end":{"line":13,"column":5}},"6":{"start":{"line":11,"column":6},"end":{"line":11,"column":23}},"7":{"start":{"line":12,"column":6},"end":{"line":12,"column":13}},"8":{"start":{"line":15,"column":20},"end":{"line":38,"column":6}},"9":{"start":{"line":15,"column":31},"end":{"line":38,"column":6}},"10":{"start":{"line":16,"column":6},"end":{"line":19,"column":7}},"11":{"start":{"line":17,"column":8},"end":{"line":17,"column":25}},"12":{"start":{"line":18,"column":8},"end":{"line":18,"column":15}},"13":{"start":{"line":21,"column":6},"end":{"line":37,"column":7}},"14":{"start":{"line":25,"column":29},"end":{"line":25,"column":43}},"15":{"start":{"line":26,"column":8},"end":{"line":26,"column":26}},"16":{"start":{"line":27,"column":8},"end":{"line":36,"column":9}},"17":{"start":{"line":28,"column":25},"end":{"line":28,"column":58}},"18":{"start":{"line":29,"column":10},"end":{"line":29,"column":41}},"19":{"start":{"line":31,"column":10},"end":{"line":32,"column":70}},"20":{"start":{"line":34,"column":10},"end":{"line":34,"column":28}},"21":{"start":{"line":35,"column":10},"end":{"line":35,"column":20}},"22":{"start":{"line":39,"column":4},"end":{"line":39,"column":14}}},"fnMap":{"0":{"name":"limitCurrentRequest","decl":{"start":{"line":1,"column":16},"end":{"line":1,"column":35}},"loc":{"start":{"line":3,"column":26},"end":{"line":41,"column":1}}},"1":{"name":"(anonymous_8)","decl":{"start":{"line":5,"column":21},"end":{"line":5,"column":22}},"loc":{"start":{"line":5,"column":41},"end":{"line":40,"column":3}}},"2":{"name":"(anonymous_9)","decl":{"start":{"line":15,"column":20},"end":{"line":15,"column":29}},"loc":{"start":{"line":15,"column":31},"end":{"line":38,"column":6}}},"3":{"name":"(anonymous_10)","decl":{"start":{"line":15,"column":31},"end":{"line":15,"column":null}},"loc":{"start":{"line":15,"column":31},"end":{"line":38,"column":5}}}},"branchMap":{"0":{"loc":{"start":{"line":2,"column":2},"end":{"line":2,"column":40}},"type":"default-arg","locations":[{"start":{"line":2,"column":38},"end":{"line":2,"column":40}}]},"1":{"loc":{"start":{"line":3,"column":2},"end":{"line":3,"column":26}},"type":"default-arg","locations":[{"start":{"line":3,"column":25},"end":{"line":3,"column":26}}]},"2":{"loc":{"start":{"line":10,"column":4},"end":{"line":13,"column":5}},"type":"if","locations":[{"start":{"line":10,"column":4},"end":{"line":13,"column":5}}]},"3":{"loc":{"start":{"line":10,"column":8},"end":{"line":10,"column":53}},"type":"binary-expr","locations":[{"start":{"line":10,"column":8},"end":{"line":10,"column":25}},{"start":{"line":10,"column":29},"end":{"line":10,"column":53}}]},"4":{"loc":{"start":{"line":16,"column":6},"end":{"line":19,"column":7}},"type":"if","locations":[{"start":{"line":16,"column":6},"end":{"line":19,"column":7}}]},"5":{"loc":{"start":{"line":16,"column":10},"end":{"line":16,"column":69}},"type":"binary-expr","locations":[{"start":{"line":16,"column":10},"end":{"line":16,"column":44}},{"start":{"line":16,"column":48},"end":{"line":16,"column":69}}]},"6":{"loc":{"start":{"line":22,"column":8},"end":{"line":23,"column":41}},"type":"binary-expr","locations":[{"start":{"line":22,"column":8},"end":{"line":22,"column":38}},{"start":{"line":23,"column":8},"end":{"line":23,"column":41}}]},"7":{"loc":{"start":{"line":32,"column":12},"end":{"line":32,"column":69}},"type":"cond-expr","locations":[{"start":{"line":32,"column":37},"end":{"line":32,"column":42}},{"start":{"line":32,"column":45},"end":{"line":32,"column":69}}]}},"s":{"0":1,"1":10,"2":10,"3":10,"4":10,"5":10,"6":5,"7":5,"8":5,"9":20,"10":20,"11":5,"12":5,"13":15,"14":15,"15":15,"16":15,"17":15,"18":13,"19":2,"20":15,"21":15,"22":5},"f":{"0":10,"1":10,"2":20,"3":20},"b":{"0":[1],"1":[1],"2":[5],"3":[10,8],"4":[5],"5":[20,9],"6":[30,28],"7":[1,1]}}
,"/Users/wjs/study/DDD/src/utils/index.ts": {"path":"/Users/wjs/study/DDD/src/utils/index.ts","statementMap":{"0":{"start":{"line":2,"column":34},"end":{"line":3,"column":75}},"1":{"start":{"line":3,"column":2},"end":{"line":3,"column":75}},"2":{"start":{"line":3,"column":35},"end":{"line":3,"column":74}},"3":{"start":{"line":3,"column":52},"end":{"line":3,"column":66}},"4":{"start":{"line":2,"column":13},"end":{"line":2,"column":34}},"5":{"start":{"line":5,"column":31},"end":{"line":7,"column":null}},"6":{"start":{"line":6,"column":2},"end":{"line":7,"column":null}},"7":{"start":{"line":7,"column":4},"end":{"line":7,"column":53}},"8":{"start":{"line":7,"column":21},"end":{"line":7,"column":45}},"9":{"start":{"line":5,"column":13},"end":{"line":5,"column":31}}},"fnMap":{"0":{"name":"(anonymous_0)","decl":{"start":{"line":2,"column":34},"end":{"line":2,"column":35}},"loc":{"start":{"line":3,"column":2},"end":{"line":3,"column":75}}},"1":{"name":"(anonymous_1)","decl":{"start":{"line":3,"column":22},"end":{"line":3,"column":23}},"loc":{"start":{"line":3,"column":35},"end":{"line":3,"column":74}}},"2":{"name":"(anonymous_2)","decl":{"start":{"line":3,"column":46},"end":{"line":3,"column":49}},"loc":{"start":{"line":3,"column":52},"end":{"line":3,"column":66}}},"3":{"name":"(anonymous_3)","decl":{"start":{"line":5,"column":31},"end":{"line":5,"column":32}},"loc":{"start":{"line":6,"column":2},"end":{"line":7,"column":null}}},"4":{"name":"(anonymous_4)","decl":{"start":{"line":6,"column":22},"end":{"line":6,"column":23}},"loc":{"start":{"line":7,"column":4},"end":{"line":7,"column":53}}},"5":{"name":"(anonymous_5)","decl":{"start":{"line":7,"column":15},"end":{"line":7,"column":18}},"loc":{"start":{"line":7,"column":21},"end":{"line":7,"column":45}}}},"branchMap":{"0":{"loc":{"start":{"line":2,"column":50},"end":{"line":2,"column":61}},"type":"default-arg","locations":[{"start":{"line":2,"column":58},"end":{"line":2,"column":61}}]},"1":{"loc":{"start":{"line":5,"column":47},"end":{"line":5,"column":58}},"type":"default-arg","locations":[{"start":{"line":5,"column":55},"end":{"line":5,"column":58}}]}},"s":{"0":1,"1":8,"2":8,"3":8,"4":1,"5":1,"6":1,"7":1,"8":1,"9":1},"f":{"0":8,"1":8,"2":8,"3":1,"4":1,"5":1},"b":{"0":[8],"1":[1]}}
}
