TN:
SF:src/arrayToTree/index.ts
FN:13,arrayToTree
FN:21,(anonymous_1)
FNF:2
FNH:2
FNDA:5,arrayToTree
FNDA:11,(anonymous_1)
DA:13,1
DA:14,5
DA:15,1
DA:18,4
DA:19,4
DA:21,4
DA:22,11
DA:23,11
DA:25,11
DA:26,4
DA:28,7
DA:29,7
DA:30,6
DA:31,6
DA:34,1
DA:35,1
DA:40,4
LF:17
LH:17
BRDA:13,0,0,0
BRDA:14,1,0,1
BRDA:25,2,0,4
BRDA:25,2,1,7
BRDA:29,3,0,6
BRDA:29,3,1,1
BRDA:30,4,0,6
BRDA:30,4,1,0
BRF:8
BRH:6
end_of_record
TN:
SF:src/limitCurrentRequest.ts/index.ts
FN:1,limitCurrentRequest
FN:5,(anonymous_8)
FN:15,(anonymous_9)
FN:15,(anonymous_10)
FNF:4
FNH:4
FNDA:10,limitCurrentRequest
FNDA:10,(anonymous_8)
FNDA:20,(anonymous_9)
FNDA:20,(anonymous_10)
DA:1,1
DA:5,10
DA:6,10
DA:7,10
DA:8,10
DA:10,10
DA:11,5
DA:12,5
DA:15,20
DA:16,20
DA:17,5
DA:18,5
DA:21,15
DA:25,15
DA:26,15
DA:27,15
DA:28,15
DA:29,13
DA:31,2
DA:34,15
DA:35,15
DA:39,5
LF:22
LH:22
BRDA:2,0,0,1
BRDA:3,1,0,1
BRDA:10,2,0,5
BRDA:10,3,0,10
BRDA:10,3,1,8
BRDA:16,4,0,5
BRDA:16,5,0,20
BRDA:16,5,1,9
BRDA:22,6,0,30
BRDA:22,6,1,28
BRDA:32,7,0,1
BRDA:32,7,1,1
BRF:12
BRH:12
end_of_record
TN:
SF:src/utils/index.ts
FN:2,(anonymous_0)
FN:3,(anonymous_1)
FN:3,(anonymous_2)
FN:5,(anonymous_3)
FN:6,(anonymous_4)
FN:7,(anonymous_5)
FNF:6
FNH:6
FNDA:8,(anonymous_0)
FNDA:8,(anonymous_1)
FNDA:8,(anonymous_2)
FNDA:1,(anonymous_3)
FNDA:1,(anonymous_4)
FNDA:1,(anonymous_5)
DA:2,1
DA:3,8
DA:5,1
DA:6,1
DA:7,1
LF:5
LH:5
BRDA:2,0,0,8
BRDA:5,1,0,1
BRF:2
BRH:2
end_of_record
